Traceback (most recent call last):
  File "/home/fria/projects/pytexttwist/./bot.py", line 3, in <module>
    import irc.bot
ModuleNotFoundError: No module named 'irc'
DEBUG:irc.client:connect(server='irc.undernet.org', port=6667, nickname='frie', ...)
DEBUG:irc.client:TO SERVER: NICK frie
DEBUG:irc.client:TO SERVER: USER frie 0 * :frie
DEBUG:irc.client:process_forever(timeout=0.2)
DEBUG:irc.client:FROM SERVER: NOTICE AUTH :*** Looking up your hostname
DEBUG:irc.client:_dispatcher: all_raw_messages
DEBUG:irc.client:command: privnotice, source: None, target: AUTH, arguments: ['*** Looking up your hostname'], tags: None
DEBUG:irc.client:_dispatcher: privnotice
DEBUG:irc.client:FROM SERVER: NOTICE AUTH :*** Checking Ident
DEBUG:irc.client:_dispatcher: all_raw_messages
DEBUG:irc.client:command: privnotice, source: None, target: AUTH, arguments: ['*** Checking Ident'], tags: None
DEBUG:irc.client:_dispatcher: privnotice
DEBUG:irc.client:FROM SERVER: PING :3616692856
DEBUG:irc.client:_dispatcher: all_raw_messages
DEBUG:irc.client:command: ping, source: None, target: 3616692856, arguments: ['3616692856'], tags: None
DEBUG:irc.client:TO SERVER: PONG 3616692856
DEBUG:irc.client:_dispatcher: ping
DEBUG:irc.client:FROM SERVER: NOTICE AUTH :*** Couldn't look up your hostname
DEBUG:irc.client:_dispatcher: all_raw_messages
DEBUG:irc.client:command: privnotice, source: None, target: AUTH, arguments: ["*** Couldn't look up your hostname"], tags: None
DEBUG:irc.client:_dispatcher: privnotice
DEBUG:irc.client:FROM SERVER: NOTICE AUTH :*** No ident response
DEBUG:irc.client:_dispatcher: all_raw_messages
DEBUG:irc.client:command: privnotice, source: None, target: AUTH, arguments: ['*** No ident response'], tags: None
DEBUG:irc.client:_dispatcher: privnotice
DEBUG:irc.client:FROM SERVER: :Chicago.IL.US.Undernet.Org 001 frie :Welcome to the UnderNet IRC Network, frie
DEBUG:irc.client:_dispatcher: all_raw_messages
DEBUG:irc.client:command: welcome, source: Chicago.IL.US.Undernet.Org, target: frie, arguments: ['Welcome to the UnderNet IRC Network, frie'], tags: None
DEBUG:irc.client:_dispatcher: welcome
DEBUG:irc.client:TO SERVER: JOIN #pantasya
DEBUG:irc.client:FROM SERVER: :Chicago.IL.US.Undernet.Org 002 frie :Your host is Chicago.IL.US.Undernet.Org, running version u2.10.12.19
DEBUG:irc.client:_dispatcher: all_raw_messages
DEBUG:irc.client:command: yourhost, source: Chicago.IL.US.Undernet.Org, target: frie, arguments: ['Your host is Chicago.IL.US.Undernet.Org, running version u2.10.12.19'], tags: None
DEBUG:irc.client:_dispatcher: yourhost
DEBUG:irc.client:FROM SERVER: :Chicago.IL.US.Undernet.Org 003 frie :This server was created Wed Apr 15 2020 at 22:02:43 UTC
DEBUG:irc.client:_dispatcher: all_raw_messages
DEBUG:irc.client:command: created, source: Chicago.IL.US.Undernet.Org, target: frie, arguments: ['This server was created Wed Apr 15 2020 at 22:02:43 UTC'], tags: None
DEBUG:irc.client:_dispatcher: created
DEBUG:irc.client:FROM SERVER: :Chicago.IL.US.Undernet.Org 004 frie Chicago.IL.US.Undernet.Org u2.10.12.19 diOoswkgx biklmnopstvrDdRcC bklov
DEBUG:irc.client:_dispatcher: all_raw_messages
DEBUG:irc.client:command: myinfo, source: Chicago.IL.US.Undernet.Org, target: frie, arguments: ['Chicago.IL.US.Undernet.Org', 'u2.10.12.19', 'diOoswkgx', 'biklmnopstvrDdRcC', 'bklov'], tags: None
DEBUG:irc.client:_dispatcher: myinfo
DEBUG:irc.client:FROM SERVER: :Chicago.IL.US.Undernet.Org 005 frie WHOX WALLCHOPS WALLVOICES USERIP CPRIVMSG CNOTICE SILENCE=25 MODES=6 MAXCHANNELS=40 MAXBANS=100 NICKLEN=12 :are supported by this server
DEBUG:irc.client:_dispatcher: all_raw_messages
DEBUG:irc.client:command: featurelist, source: Chicago.IL.US.Undernet.Org, target: frie, arguments: ['WHOX', 'WALLCHOPS', 'WALLVOICES', 'USERIP', 'CPRIVMSG', 'CNOTICE', 'SILENCE=25', 'MODES=6', 'MAXCHANNELS=40', 'MAXBANS=100', 'NICKLEN=12', 'are supported by this server'], tags: None
DEBUG:irc.client:_dispatcher: featurelist
DEBUG:irc.client:FROM SERVER: :Chicago.IL.US.Undernet.Org 005 frie MAXNICKLEN=15 TOPICLEN=160 AWAYLEN=160 KICKLEN=160 CHANNELLEN=200 MAXCHANNELLEN=200 CHANTYPES=#& PREFIX=(ov)@+ STATUSMSG=@+ CHANMODES=b,k,l,imnpstrDdRcC CASEMAPPING=rfc1459 NETWORK=UnderNet :are supported by this server
DEBUG:irc.client:_dispatcher: all_raw_messages
DEBUG:irc.client:command: featurelist, source: Chicago.IL.US.Undernet.Org, target: frie, arguments: ['MAXNICKLEN=15', 'TOPICLEN=160', 'AWAYLEN=160', 'KICKLEN=160', 'CHANNELLEN=200', 'MAXCHANNELLEN=200', 'CHANTYPES=#&', 'PREFIX=(ov)@+', 'STATUSMSG=@+', 'CHANMODES=b,k,l,imnpstrDdRcC', 'CASEMAPPING=rfc1459', 'NETWORK=UnderNet', 'are supported by this server'], tags: None
DEBUG:irc.client:_dispatcher: featurelist
DEBUG:irc.client:FROM SERVER: :Chicago.IL.US.Undernet.Org 251 frie :There are 4815 users and 11890 invisible on 36 servers
DEBUG:irc.client:_dispatcher: all_raw_messages
DEBUG:irc.client:command: luserclient, source: Chicago.IL.US.Undernet.Org, target: frie, arguments: ['There are 4815 users and 11890 invisible on 36 servers'], tags: None
DEBUG:irc.client:_dispatcher: luserclient
DEBUG:irc.client:FROM SERVER: :Chicago.IL.US.Undernet.Org 252 frie 41 :operator(s) online
DEBUG:irc.client:_dispatcher: all_raw_messages
DEBUG:irc.client:command: luserop, source: Chicago.IL.US.Undernet.Org, target: frie, arguments: ['41', 'operator(s) online'], tags: None
DEBUG:irc.client:_dispatcher: luserop
DEBUG:irc.client:FROM SERVER: :Chicago.IL.US.Undernet.Org 253 frie 13 :unknown connection(s)
DEBUG:irc.client:_dispatcher: all_raw_messages
DEBUG:irc.client:command: luserunknown, source: Chicago.IL.US.Undernet.Org, target: frie, arguments: ['13', 'unknown connection(s)'], tags: None
DEBUG:irc.client:_dispatcher: luserunknown
DEBUG:irc.client:FROM SERVER: :Chicago.IL.US.Undernet.Org 254 frie 5609 :channels formed
DEBUG:irc.client:_dispatcher: all_raw_messages
DEBUG:irc.client:command: luserchannels, source: Chicago.IL.US.Undernet.Org, target: frie, arguments: ['5609', 'channels formed'], tags: None
DEBUG:irc.client:_dispatcher: luserchannels
DEBUG:irc.client:FROM SERVER: :Chicago.IL.US.Undernet.Org 255 frie :I have 1848 clients and 1 servers
DEBUG:irc.client:_dispatcher: all_raw_messages
DEBUG:irc.client:command: luserme, source: Chicago.IL.US.Undernet.Org, target: frie, arguments: ['I have 1848 clients and 1 servers'], tags: None
DEBUG:irc.client:_dispatcher: luserme
DEBUG:irc.client:FROM SERVER: :Chicago.IL.US.Undernet.Org NOTICE frie :Highest connection count: 2939 (2938 clients)
DEBUG:irc.client:_dispatcher: all_raw_messages
DEBUG:irc.client:command: privnotice, source: Chicago.IL.US.Undernet.Org, target: frie, arguments: ['Highest connection count: 2939 (2938 clients)'], tags: None
DEBUG:irc.client:_dispatcher: privnotice
DEBUG:irc.client:FROM SERVER: :Chicago.IL.US.Undernet.Org 422 frie :MOTD File is missing
DEBUG:irc.client:_dispatcher: all_raw_messages
DEBUG:irc.client:command: nomotd, source: Chicago.IL.US.Undernet.Org, target: frie, arguments: ['MOTD File is missing'], tags: None
DEBUG:irc.client:_dispatcher: nomotd
DEBUG:irc.client:FROM SERVER: :Chicago.IL.US.Undernet.Org NOTICE frie :on 2 ca 1(4) ft 10(10)
DEBUG:irc.client:_dispatcher: all_raw_messages
DEBUG:irc.client:command: privnotice, source: Chicago.IL.US.Undernet.Org, target: frie, arguments: ['on 2 ca 1(4) ft 10(10)'], tags: None
DEBUG:irc.client:_dispatcher: privnotice
DEBUG:irc.client:FROM SERVER: :frie!~frie@112.206.64.27 JOIN #pantasya
DEBUG:irc.client:_dispatcher: all_raw_messages
DEBUG:irc.client:command: join, source: frie!~frie@112.206.64.27, target: #pantasya, arguments: [], tags: None
DEBUG:irc.client:_dispatcher: join
DEBUG:irc.client:FROM SERVER: :Chicago.IL.US.Undernet.Org 332 frie #pantasya :Welcome to Pantasya Online!
DEBUG:irc.client:_dispatcher: all_raw_messages
DEBUG:irc.client:command: currenttopic, source: Chicago.IL.US.Undernet.Org, target: frie, arguments: ['#pantasya', 'Welcome to Pantasya Online!'], tags: None
DEBUG:irc.client:_dispatcher: currenttopic
DEBUG:irc.client:FROM SERVER: :Chicago.IL.US.Undernet.Org 333 frie #pantasya fria 1775542708
DEBUG:irc.client:_dispatcher: all_raw_messages
DEBUG:irc.client:command: topicinfo, source: Chicago.IL.US.Undernet.Org, target: frie, arguments: ['#pantasya', 'fria', '1775542708'], tags: None
DEBUG:irc.client:_dispatcher: topicinfo
DEBUG:irc.client:FROM SERVER: :Chicago.IL.US.Undernet.Org 353 frie = #pantasya :frie fria Bhabygirl^ @frio
DEBUG:irc.client:_dispatcher: all_raw_messages
DEBUG:irc.client:command: namreply, source: Chicago.IL.US.Undernet.Org, target: frie, arguments: ['=', '#pantasya', 'frie fria Bhabygirl^ @frio'], tags: None
DEBUG:irc.client:_dispatcher: namreply
DEBUG:irc.client:FROM SERVER: :Chicago.IL.US.Undernet.Org 366 frie #pantasya :End of /NAMES list.
DEBUG:irc.client:_dispatcher: all_raw_messages
DEBUG:irc.client:command: endofnames, source: Chicago.IL.US.Undernet.Org, target: frie, arguments: ['#pantasya', 'End of /NAMES list.'], tags: None
DEBUG:irc.client:_dispatcher: endofnames
